1526657417281	geckodriver	INFO	geckodriver 0.20.1
1526657417301	geckodriver	INFO	Listening on 127.0.0.1:20830
1526657420266	mozrunner::runner	INFO	Running command: "E:\\ÊµèËßàÂô®\\ÁÅ´ÁãêÊµèËßàÂô®\\firefox.exe" "-marionette" "-profile" "C:\\Users\\41735\\AppData\\Local\\Temp\\rust_mozprofile.w0Vy0TpfxMrN"
Unable to read VR Path Registry from C:\Users\41735\AppData\Local\openvr\openvrpaths.vrpath
Unable to read VR Path Registry from C:\Users\41735\AppData\Local\openvr\openvrpaths.vrpath
Unable to read VR Path Registry from C:\Users\41735\AppData\Local\openvr\openvrpaths.vrpath
Unable to read VR Path Registry from C:\Users\41735\AppData\Local\openvr\openvrpaths.vrpath
Unable to read VR Path Registry from C:\Users\41735\AppData\Local\openvr\openvrpaths.vrpath
1526657425032	Marionette	INFO	Listening on port 20838
1526657425607	Marionette	WARN	TLS certificate errors will be ignored for this session
[Parent 13292, Gecko_IOThread] WARNING: pipe error: 109: file z:/build/build/src/ipc/chromium/src/chrome/common/ipc_channel_win.cc, line 346
[Child 25644, Chrome_ChildThread] WARNING: pipe error: 109: file z:/build/build/src/ipc/chromium/src/chrome/common/ipc_channel_win.cc, line 346
[Child 25644, Chrome_ChildThread] WARNING: pipe error: 109: file z:/build/build/src/ipc/chromium/src/chrome/common/ipc_channel_win.cc, line 346
[Parent 13292, Gecko_IOThread] WARNING: pipe error: 109: file z:/build/build/src/ipc/chromium/src/chrome/common/ipc_channel_win.cc, line 346

###!!! [Parent][MessageChannel] Error: (msgtype=0x15008C,name=PBrowser::Msg_UpdateNativeWindowHandle) Closed channel: cannot send/recv


###!!! [Parent][MessageChannel] Error: (msgtype=0x15007F,name=PBrowser::Msg_Destroy) Closed channel: cannot send/recv

[Child 24424, Chrome_ChildThread] WARNING: pipe error: 109: file z:/build/build/src/ipc/chromium/src/chrome/common/ipc_channel_win.cc, line 346

###!!! [Child][MessageChannel] Error: (msgtype=0x150001,name=PBrowser::Msg_AsyncMessage) Closed channel: cannot send/recv

JavaScript error: chrome://browser/content/tab-content.js, line 281: NS_ERROR_UNEXPECTED: Component returned failure code: 0x8000ffff (NS_ERROR_UNEXPECTED) [nsIMessageSender.sendAsyncMessage]

###!!! [Child][MessageChannel] Error: (msgtype=0x150001,name=PBrowser::Msg_AsyncMessage) Closed channel: cannot send/recv

JavaScript error: chrome://browser/content/content.js, line 705: NS_ERROR_UNEXPECTED: Component returned failure code: 0x8000ffff (NS_ERROR_UNEXPECTED) [nsIMessageSender.sendAsyncMessage]

###!!! [Child][MessageChannel] Error: (msgtype=0x15002B,name=PBrowser::Msg_SetInputContext) Closed channel: cannot send/recv

WARNING: pipe error: 109: file 
###!!! [Child][MessageChannel] Error: (msgtype=0x150001,name=PBrowser::Msg_AsyncMessage) Closed channel: cannot send/recv

z:/build/build/src/ipc/chromium/src/chrome/common/ipc_channel_win.cc, line 346
JavaScript error: chrome://browser/content/tab-content.js, line 281: NS_ERROR_UNEXPECTED: Component returned failure code: 0x8000ffff (NS_ERROR_UNEXPECTED) [nsIMessageSender.sendAsyncMessage]

###!!! [Child][MessageChannel] Error: (msgtype=0x150001,name=PBrowser::Msg_AsyncMessage) Closed channel: cannot send/recv

JavaScript error: chrome://browser/content/content.js, line 705: NS_ERROR_UNEXPECTED: Component returned failure code: 0x8000ffff (NS_ERROR_UNEXPECTED) [nsIMessageSender.sendAsyncMessage]

###!!! [Child][MessageChannel] Error: (msgtype=0x15002B,name=PBrowser::Msg_SetInputContext) Closed channel: cannot send/recv

[Parent 26428, Gecko_IOThread] WARNING: pipe error: 109: file z:/build/build/src/ipc/chromium/src/chrome/common/ipc_channel_win.cc, line 346
d] WARNING: pipe error: 109: file z:/build/build/src/ipc/chromium/src/chrome/common/ipc_channel_win.cc, line 346
[Child 26028, Chrome_ChildThread] WARNING: pipe error: 109: file z:/build/build/src/ipc/chromium/src/chrome/common/ipc_channel_win.cc, line 346
[Child 26756, Chrome_ChildThread] WARNING: pipe error: 109: file z:/build/build/src/ipc/chromium/src/chrome/common/ipc_channel_win.cc, line 346
[Parent 27456, Gecko_IOThread] WARNING: pipe error: 109: file z:/build/build/src/ipc/chromium/src/chrome/common/ipc_channel_win.cc, line 346
*** UTM:SVC TimerManager:registerTimer called after profile-before-change notification. Ignoring timer registration for id: telemetry_modules_ping

###!!! [Child][MessageChannel::SendAndWait] Error: Channel error: cannot send/recv

1526657992379	geckodriver	INFO	geckodriver 0.20.1
1526657992400	geckodriver	INFO	Listening on 127.0.0.1:21112
1526657995413	mozrunner::runner	INFO	Running command: "E:\\ÊµèËßàÂô®\\ÁÅ´ÁãêÊµèËßàÂô®\\firefox.exe" "-marionette" "-profile" "C:\\Users\\41735\\AppData\\Local\\Temp\\rust_mozprofile.K8lYK3VdBnYZ"
Unable to read VR Path Registry from C:\Users\41735\AppData\Local\openvr\openvrpaths.vrpath
Unable to read VR Path Registry from C:\Users\41735\AppData\Local\openvr\openvrpaths.vrpath
Unable to read VR Path Registry from C:\Users\41735\AppData\Local\openvr\openvrpaths.vrpath
Unable to read VR Path Registry from C:\Users\41735\AppData\Local\openvr\openvrpaths.vrpath
Unable to read VR Path Registry from C:\Users\41735\AppData\Local\openvr\openvrpaths.vrpath
1526657998821	Marionette	INFO	Listening on port 21120
1526657999285	Marionette	WARN	TLS certificate errors will be ignored for this session
[Parent 27608, Gecko_IOThread] WARNING: pipe error: 109: file z:/build/build/src/ipc/chromium/src/chrome/common/ipc_channel_win.cc, line 346
[Child 17960, Chrome_ChildThread] WARNING: pipe error: 109: file z:/build/build/src/ipc/chromium/src/chrome/common/ipc_channel_win.cc, line 346
[Child 17960, Chrome_ChildThread] WARNING: pipe error: 109: file z:/build/build/src/ipc/chromium/src/chrome/common/ipc_channel_win.cc, line 346
JavaScript error: resource:///modules/WindowsJumpLists.jsm, line 246: TypeError: this._builder is undefined
[Parent 27608, Gecko_IOThread] WARNING: pipe error: 109: file z:/build/build/src/ipc/chromium/src/chrome/common/ipc_channel_win.cc, line 346
[Child 23932, Chrome_ChildThread] WARNING: pipe error: 109: file z:/build/build/src/ipc/chromium/src/chrome/common/ipc_channel_win.cc, line 346

###!!! [Parent][MessageChannel] Error: (msgtype=0x15008C,name=PBrowser::Msg_UpdateNativeWindowHandle) Closed channel: cannot send/recv


###!!! [Parent][MessageChannel] Error: (msgtype=0x15007F,name=PBrowser::Msg_Destroy) Closed channel: cannot send/recv

[Child 23932, Chrome_ChildThread] WARNING: pipe error: 109: file z:/build/build/src/ipc/chromium/src/chrome/common/ipc_channel_win.cc, line 346

###!!! [Child][MessageChannel] Error: (msgtype=0x150001,name=PBrowser::M[Parent 27232, Gecko_IOThread] WARNING: pipe error: 109: file z:/build/build/src/ipc/chromium/src/chrome/common/ipc_channel_win.cc, line 346

###!!! [Parent][MessageChannel] Error: (msgtype=0x15008C,name=PBrowser::Msg_UpdateNativeWindowHandle) Closed channel: cannot send/recv

[Child 18684, C
###!!! [Parent][MessageChannel] Error: (msgtype=0x15007F,name=PBrowser::Msg_Destroy) Closed channel: cannot send/recv

hrome_ChildThread] WARNING: pipe error: 109: file z:/build/build/src/ipc/chromium/src/chrome/common/ipc_channel_win.cc, line 346
[Child 18684, Chrome_ChildThread] WARNING: pipe error: 109: file z:/build/build/src/ipc/chromium/src/chrome/common/ipc_channel_win.cc, line 3
###!!! [Child][MessageChannel] Error: (msgtype=0x150001,name=PBrowser::Msg_AsyncMessage) Closed channel: cannot send/recv

46
JavaScript error: chrome://browser/content/tab-content.js, line 281: NS_ERROR_UNEXPECTED: Component returned failure code: 0x8000ffff (NS_ERROR_UNEXPECTED) [nsIMessageSender.sendAsyncMessage]

###!!! [Child][MessageChannel] Error: (msgtype=0x150001,name=PBrowser::Msg_AsyncMessage) Closed channel: cannot send/recv

JavaScript error: chrome://browser/content/content.js, line 705: NS_ERROR_UNEXPECTED: Component returned failure code: 0x8000ffff (NS_ERROR_UNEXPECTED) [nsIMessageSender.sendAsyncMessage]

###!!! [Child][MessageChannel] Error: (msgtype=0x15002B,name=PBrowser::Msg_SetInputContext) Closed channel: cannot send/recv

[Parent 27232, Gecko_IOThread] WARNING: pipe error: 109: file z:/build/build/src/ipc/chromium/src/chrome/common/ipc_channel_win.cc, line 346
àÂô®\\ÁÅ´ÁãêÊµèËßàÂô®\\firefox.exe" "-marionette" "-profile" "C:\\Users\\41735\\AppData\\Local\\Temp\\rust_mozprofile.kqcbNte8U02X"
Unable to read VR Path Registry from C:\Users\41735\AppData\Local\openvr\openvrpaths.vrpath
Unable to read VR Path Registry from C:\Users\41735\AppData\Local\openvr\openvrpaths.vrpath
Unable to read VR Path Registry from C:\Users\41735\AppData\Local\openvr\openvrpaths.vrpath
Unable to read VR Path Registry from C:\Users\41735\AppData\Local\openvr\openvrpaths.vrpath
Unable to read VR Path Registry from C:\Users\41735\AppData\Local\openvr\openvrpaths.vrpath
1526658451505	Marionette	INFO	Listening on port 21429
1526658451927	Marionette	WARN	TLS certificate errors will be ignored for this session
[Parent 29084, Gecko_IOThread] WARNING: pipe error: 109: file z:/build/build/src/ipc/chromium/src/chrome/common/ipc_channel_win.cc, line 346
[Child 29036, Chrome_ChildThread] WARNING: pipe error: 109: file z:/build/build/src/ipc/chromium/src/chrome/common/ipc_channel_win.cc, line 346
[Parent 29084, Gecko_IOThread] WARNING: pipe error: 109: file z:/build/build/src/ipc/chromium/src/chrome/common/ipc_channel_win.cc, line 346

###!!! [Parent][MessageChannel] Error: (msgtype=0x15008C,name=PBrowser::Msg_UpdateNativeWindowHandle) Closed channel: cannot send/recv


###!!! [Parent][MessageChannel] Error: (msgtype=0x15007F,name=PBrowser::Msg_Destroy) Closed channel: cannot send/recv


###!!! [Child][MessageChannel] Error: (msgtype=0x150001,name=PBrowser::Msg_AsyncMessage) Closed channel: cannot send/recv

JavaScript error: chrome://browser/content/tab-content.js, line 281: NS_ERROR_UNEXPECTED: Component returned failure code: 0x8000ffff (NS_ERROR_UNEXPECTED) [nsIMessageSender.sendAsyncMessage]

###!!! [Child][MessageChannel] Error: (msgtype=0x150001,name=PBrowser::Msg_AsyncMessage) Closed channel: cannot send/recv

JavaScript error: chrome://browser/content/content.js, line 705: NS_ERROR_UNEXPECTED: Component returned failure code: 0x8000ffff (NS_ERROR_UNEXPECTED) [nsIMessageSender.sendAsyncMessage]

###!!! [Child][MessageChannel] Error: (msgtype=0x15002B,name=PBrowser::Msg_SetInputContext) Closed channel: cannot send/recv

[Parent 29084, Gecko_IOThread] WARNING: pipe error: 109: file z:/build/build/src/ipc/chromium/src/chrome/common/ipc_channel_win.cc, line 346
mer registration for id: telemetry_modules_ping

###!!! [Child][MessageChannel::SendAndWait] Error: Channel error: cannot send/recv

1526658570788	geckodriver	INFO	geckodriver 0.20.1
1526658570808	geckodriver	INFO	Listening on 127.0.0.1:21568
1526658573825	mozrunner::runner	INFO	Running command: "E:\\ÊµèËßàÂô®\\ÁÅ´ÁãêÊµèËßàÂô®\\firefox.exe" "-marionette" "-profile" "C:\\Users\\41735\\AppData\\Local\\Temp\\rust_mozprofile.yx9Oom9gOshI"
Unable to read VR Path Registry from C:\Users\41735\AppData\Local\openvr\openvrpaths.vrpath
Unable to read VR Path Registry from C:\Users\41735\AppData\Local\openvr\openvrpaths.vrpath
Unable to read VR Path Registry from C:\Users\41735\AppData\Local\openvr\openvrpaths.vrpath
Unable to read VR Path Registry from C:\Users\41735\AppData\Local\openvr\openvrpaths.vrpath
Unable to read VR Path Registry from C:\Users\41735\AppData\Local\openvr\openvrpaths.vrpath
1526658578625	Marionette	INFO	Listening on port 21576
1526658579096	Marionette	WARN	TLS certificate errors will be ignored for this session
[Parent 29816, Gecko_IOThread] WARNING: pipe error: 109: file z:/build/build/src/ipc/chromium/src/chrome/common/ipc_channel_win.cc, line 346

###!!! [Parent][MessageChannel] Error: (msgtype=0x15008C,name=PBrowser::Msg_UpdateNativeWindowHandle) Closed channel: cannot send/recv


###!!! [Parent][MessageChannel] Error: (msgtype=0x15007F,name=PBrowser::Msg_Destroy) Closed channel: cannot send/recv


###!!! [Child][MessageChannel] Error: (msgtype=0x150001,name=PBrowser::Msg_AsyncMessage) Closed channel: cannot send/recv

JavaScript error: chrome://browser/content/tab-content.js, line 281: NS_ERROR_UNEXPECTED: Component returned failure code: 0x8000ffff (NS_ERROR_UNEXPECTED) [nsIMessageSender.sendAsyncMessage]

###!!! [Child][MessageChannel] Error: (msgtype=0x150001,name=PBrowser::Msg_AsyncMessage) Closed channel: cannot send/recv

JavaScript error: chrome://browser/content/content.js, line 705: NS_ERROR_UNEXPECTED: Component returned failure code: 0x8000ffff (NS_ERROR_UNEXPECTED) [nsIMessageSender.sendAsyncMessage]

###!!! [Child][MessageChannel] Error: (msgtype=0x15002B,name=PBrowser::Msg_SetInputContext) Closed channel: cannot send/recv

[Parent 29816, Gecko_IOThread] WARNING: pipe error: 109: file z:/build/build/src/ipc/chromium/src/chrome/common/ipc_channel_win.cc, line 346
[Child 28988, Chrome_ChildThread] WARNING: pipe error: 109: file z:/build/build/src/ipc/chromium/src/chrome/common/ipc_channel_win.cc, line 346
[Child 2898ckodriver 0.20.1
1526658656289	geckodriver	INFO	Listening on 127.0.0.1:21719
1526658659276	mozrunner::runner	INFO	Running command: "E:\\ÊµèËßàÂô®\\ÁÅ´ÁãêÊµèËßàÂô®\\firefox.exe" "-marionette" "-profile" "C:\\Users\\41735\\AppData\\Local\\Temp\\rust_mozprofile.WoNSIdDcsuIG"
Unable to read VR Path Registry from C:\Users\41735\AppData\Local\openvr\openvrpaths.vrpath
Unable to read VR Path Registry from C:\Users\41735\AppData\Local\openvr\openvrpaths.vrpath
Unable to read VR Path Registry from C:\Users\41735\AppData\Local\openvr\openvrpaths.vrpath
Unable to read VR Path Registry from C:\Users\41735\AppData\Local\openvr\openvrpaths.vrpath
1526658663454	Marionette	INFO	Listening on port 21727
Unable to read VR Path Registry from C:\Users\41735\AppData\Local\openvr\openvrpaths.vrpath
1526658664498	Marionette	WARN	TLS certificate errors will be ignored for this session
[Parent 31208, Gecko_IOThread] WARNING: pipe error: 109: file z:/build/build/src/ipc/chromium/src/chrome/common/ipc_channel_win.cc, line 346
[Child 31004, Chrome_ChildThread] WARNING: pipe error: 109: file z:/build/build/src/ipc/chromium/src/chrome/common/ipc_channel_win.cc, line 346
[Child 31004[Child 31540, Chrome_ChildThread] WARNING: pipe error: 109: file z:/build/build/src/ipc/chromium/src/chrome/common/ipc_channel_win.cc, line 346
[Child 31540, Chrome_ChildThread] WARNING: pipe error: 109: file z:/build/build/src/ipc/chromium/src/chrome/common/ipc_channel_win.cc, line 346
[Parent 31208, Gecko_IOThread] WARNING: pipe error: 109: file z:/build/build/src/ipc/chromium/src/chrome/common/ipc_channel_win.cc, line 346
[Child 31464, Chrome_ChildThread] WARNING: pipe error: 109: file z:/build/build/src/ipc/chromium/src/chrome/common/ipc_channel_win.cc, line 346
[Child 31464, Chrome_ChildThread] WARNING: pipe error: 109: file z:/build/build*** UTM:SVC TimerManager:registerTimer called after profile-before-change notification. Ignoring timer registration for id: telemetry_modules_ping

###!!! [Child][MessageChannel::SendAndWait] Error: Channel error: cannot send/recv

